  Project: netui
  ------------------------------------------------------------------------------
  OBUILD: Building debug...
  OBUILD: Logging to "build.x64.debug.log"
  ------------------------------------------------------------------------------
  G:\Off2\dev\otools\bin\build.exe -E -jpath "." -j build.x64.debug  -x64 -Fewig -nmake -K    
  path contains nonexistant c:\program files (x86)\microsoft visual studio 14.0\common7\ide\commonextensions\microsoft\teamfoundation\team explorer\nativebinaries\x86, removing
  BUILD: TARGETS: X64
  BUILD: MODE: Generate Headers, Compile, Link
  BUILD: LOG: g:\off2\dev\netui\test\viewer\build.x64.debug.log
  BUILD: Start time: Tue Jul 25 18:39:22 2017
   
  Examining g:\off2\dev\netui\test\viewer 
  BUILD: Processing dependencies...
  Compiling g:\off2\dev\netui\test\viewer [100%]
  Compiling - g:\off2\dev\netui\test\viewer\adaptivecolumnset.cpp
  Linking for g:\off2\dev\netui\test\viewer [100%]
  Preprocessing - g:\off2\build\x64\debug\netui\test\viewer\objd\x64\buffer.nuipp
  Preprocessing - g:\off2\build\x64\debug\netui\test\viewer\objd\x64\errorwin.nuipp
  Compiling resources - g:\off2\dev\netui\test\viewer\viewer.rc
  BUILD: Finish time: Tue Jul 25 18:39:59 2017
  BUILD: Done
  
      5 files compiled - 1 Warning
  
  ------------------------------------------------------------------------------
  OBUILD: Started  at Tue Jul 25 18:39:22 2017
  OBUILD: Finished at Tue Jul 25 18:40:02 2017
  
  OBUILD: Total Time to build was 40 Seconds
  ------------------------------------------------------------------------------
  
